<?xml version="1.0" encoding="UTF-8"?>
<testng-results skipped="0" failed="0" ignored="0" total="1" passed="1">
  <reporter-output>
  </reporter-output>
  <suite name="Default suite" duration-ms="3454" started-at="2018-07-26T08:42:56Z" finished-at="2018-07-26T08:43:00Z">
    <groups>
    </groups>
    <test name="Default test" duration-ms="3454" started-at="2018-07-26T08:42:56Z" finished-at="2018-07-26T08:43:00Z">
      <class name="rest.restAssuredTests.DeletePetTest">
        <test-method status="PASS" signature="setup()[pri:0, instance:rest.restAssuredTests.DeletePetTest@3ffc5af1]" name="setup" is-config="true" duration-ms="254" started-at="2018-07-26T08:42:56Z" finished-at="2018-07-26T08:42:57Z">
          <reporter-output>
          </reporter-output>
        </test-method> <!-- setup -->
        <test-method status="PASS" signature="DeletePetById()[pri:0, instance:rest.restAssuredTests.DeletePetTest@3ffc5af1]" name="DeletePetById" duration-ms="3200" started-at="2018-07-26T08:42:57Z" finished-at="2018-07-26T08:43:00Z">
          <reporter-output>
          </reporter-output>
        </test-method> <!-- DeletePetById -->
      </class> <!-- rest.restAssuredTests.DeletePetTest -->
    </test> <!-- Default test -->
  </suite> <!-- Default suite -->
</testng-results>
